<?xml version="1.0" encoding="UTF-8"?>
<testng-results skipped="0" failed="0" total="1" passed="1">
  <reporter-output>
  </reporter-output>
  <suite name="Default suite" duration-ms="21118" started-at="2016-01-26T16:48:44Z" finished-at="2016-01-26T16:49:05Z">
    <groups>
    </groups>
    <test name="Default test" duration-ms="21118" started-at="2016-01-26T16:48:44Z" finished-at="2016-01-26T16:49:05Z">
      <class name="com.ebfs.test.SmokeTest">
        <test-method status="PASS" signature="openBrowser()[pri:0, instance:com.ebfs.test.SmokeTest@59a6e353]" name="openBrowser" is-config="true" duration-ms="15049" started-at="2016-01-26T11:48:44Z" finished-at="2016-01-26T11:48:59Z">
          <reporter-output>
          </reporter-output>
        </test-method> <!-- openBrowser -->
        <test-method status="PASS" signature="createAccount()[pri:1, instance:com.ebfs.test.SmokeTest@59a6e353]" name="createAccount" duration-ms="3123" started-at="2016-01-26T11:48:59Z" finished-at="2016-01-26T11:49:03Z">
          <reporter-output>
          </reporter-output>
        </test-method> <!-- createAccount -->
        <test-method status="PASS" signature="tearDown(org.testng.ITestResult)[pri:0, instance:com.ebfs.test.SmokeTest@59a6e353]" name="tearDown" is-config="true" duration-ms="2407" started-at="2016-01-26T11:49:03Z" finished-at="2016-01-26T11:49:05Z">
          <params>
            <param index="0">
              <value>
                <![CDATA[[TestResult name=createAccount status=SUCCESS method=SmokeTest.createAccount()[pri:1, instance:com.ebfs.test.SmokeTest@59a6e353] output={null}]]]>
              </value>
            </param>
          </params>
          <reporter-output>
          </reporter-output>
        </test-method> <!-- tearDown -->
        <test-method status="PASS" signature="aftermeth()[pri:0, instance:com.ebfs.test.SmokeTest@59a6e353]" name="aftermeth" is-config="true" duration-ms="512" started-at="2016-01-26T11:49:05Z" finished-at="2016-01-26T11:49:05Z">
          <reporter-output>
          </reporter-output>
        </test-method> <!-- aftermeth -->
      </class> <!-- com.ebfs.test.SmokeTest -->
    </test> <!-- Default test -->
  </suite> <!-- Default suite -->
</testng-results>
